<?xml version="1.0" encoding="UTF-8"?>
<!-- Generated by org.testng.reporters.JUnitReportReporter -->
<testsuite hostname="Girish" failures="0" tests="1" name="framework.b" time="0.468" errors="0" timestamp="2023-03-08T12:12:27 IST" skipped="0">
  <testcase classname="framework.b" name="kl" time="0.468"/>
  <system-out/>
</testsuite> <!-- framework.b -->
