<?xml version="1.0" encoding="UTF-8"?>
<!-- Generated by org.testng.reporters.JUnitReportReporter -->
<testsuite hostname="Girish" failures="0" tests="4" name="framework.Book_Flight_test" time="80.291" errors="0" timestamp="2023-03-08T12:46:53 IST" skipped="0">
  <testcase classname="framework.Book_Flight_test" name="Book_flight" time="18.081"/>
  <system-out/>
  <testcase classname="framework.Book_Flight_test" name="Book_flight" time="21.603"/>
  <system-out/>
  <testcase classname="framework.Book_Flight_test" name="Book_flight" time="22.026"/>
  <system-out/>
  <testcase classname="framework.Book_Flight_test" name="Book_flight" time="18.581"/>
  <system-out/>
</testsuite> <!-- framework.Book_Flight_test -->
