<?xml version="1.0" encoding="UTF-8"?>
<!-- Generated by org.testng.reporters.JUnitReportReporter -->
<testsuite hostname="Girish" failures="0" tests="3" name="framework.dat" time="0.007" errors="0" timestamp="2023-03-08T12:33:06 IST" skipped="0">
  <testcase classname="framework.dat" name="forp" time="0.005"/>
  <system-out/>
  <testcase classname="framework.dat" name="forp" time="0.001"/>
  <system-out/>
  <testcase classname="framework.dat" name="forp" time="0.001"/>
  <system-out/>
</testsuite> <!-- framework.dat -->
